proguard_logs/seeds.txt
com.example.myapp.MyActivity
com.example.myapp.MyActivity: MyActivity()
com.example.myapp.R$drawable: int ic_launcher
com.example.myapp.R$layout: int main
com.example.myapp.R$string: int app_name
jline.TerminalFactory$Flavor: jline.TerminalFactory$Flavor[] values()
jline.TerminalFactory$Flavor: jline.TerminalFactory$Flavor valueOf(java.lang.String)
jline.TerminalFactory$Type: jline.TerminalFactory$Type[] values()
jline.TerminalFactory$Type: jline.TerminalFactory$Type valueOf(java.lang.String)
jline.WindowsTerminal$ConsoleMode: jline.WindowsTerminal$ConsoleMode[] values()
jline.WindowsTerminal$ConsoleMode: jline.WindowsTerminal$ConsoleMode valueOf(java.lang.String)
jline.console.ConsoleReader$State: jline.console.ConsoleReader$State[] values()
jline.console.ConsoleReader$State: jline.console.ConsoleReader$State valueOf(java.lang.String)
jline.console.Operation: jline.console.Operation[] values()
jline.console.Operation: jline.console.Operation valueOf(java.lang.String)
jline.console.completer.CandidateListCompletionHandler$Messages: jline.console.completer.CandidateListCompletionHandler$Messages[] values()
jline.console.completer.CandidateListCompletionHandler$Messages: jline.console.completer.CandidateListCompletionHandler$Messages valueOf(java.lang.String)
jline.internal.Log$Level: jline.internal.Log$Level[] values()
jline.internal.Log$Level: jline.internal.Log$Level valueOf(java.lang.String)
org.apache.ivy.osgi.filter.CompareFilter$Operator: org.apache.ivy.osgi.filter.CompareFilter$Operator[] values()
org.apache.ivy.osgi.filter.CompareFilter$Operator: org.apache.ivy.osgi.filter.CompareFilter$Operator valueOf(java.lang.String)
org.fusesource.hawtjni.runtime.Callback
org.fusesource.hawtjni.runtime.Callback: long bind(org.fusesource.hawtjni.runtime.Callback,java.lang.Object,java.lang.String,java.lang.String,int,boolean,boolean,long)
org.fusesource.hawtjni.runtime.Callback: java.lang.String getPlatform()
org.fusesource.hawtjni.runtime.Callback: int getEntryCount()
org.fusesource.hawtjni.runtime.Callback: void setEnabled(boolean)
org.fusesource.hawtjni.runtime.Callback: boolean getEnabled()
org.fusesource.hawtjni.runtime.Callback: void reset()
org.fusesource.hawtjni.runtime.Callback: void unbind(org.fusesource.hawtjni.runtime.Callback)
org.fusesource.jansi.Ansi$Attribute: org.fusesource.jansi.Ansi$Attribute[] values()
org.fusesource.jansi.Ansi$Attribute: org.fusesource.jansi.Ansi$Attribute valueOf(java.lang.String)
org.fusesource.jansi.Ansi$Color: org.fusesource.jansi.Ansi$Color[] values()
org.fusesource.jansi.Ansi$Color: org.fusesource.jansi.Ansi$Color valueOf(java.lang.String)
org.fusesource.jansi.Ansi$Erase: org.fusesource.jansi.Ansi$Erase[] values()
org.fusesource.jansi.Ansi$Erase: org.fusesource.jansi.Ansi$Erase valueOf(java.lang.String)
org.fusesource.jansi.AnsiRenderer$Code: org.fusesource.jansi.AnsiRenderer$Code[] values()
org.fusesource.jansi.AnsiRenderer$Code: org.fusesource.jansi.AnsiRenderer$Code valueOf(java.lang.String)
org.fusesource.jansi.internal.CLibrary
org.fusesource.jansi.internal.CLibrary: void init()
org.fusesource.jansi.internal.CLibrary: int isatty(int)