proguard_logs/usage.txt
scala.reflect.api.TypeTags$TypeTag$
scala.reflect.api.TypeTags$TypeTag$$anonfun$1
scala.reflect.api.TypeTags$TypeTag$$anonfun$10
scala.reflect.api.TypeTags$TypeTag$$anonfun$11
scala.reflect.api.TypeTags$TypeTag$$anonfun$12
scala.reflect.api.TypeTags$TypeTag$$anonfun$13
scala.reflect.api.TypeTags$TypeTag$$anonfun$14
scala.reflect.api.TypeTags$TypeTag$$anonfun$15
scala.reflect.api.TypeTags$TypeTag$$anonfun$2
scala.reflect.api.TypeTags$TypeTag$$anonfun$3
scala.reflect.api.TypeTags$TypeTag$$anonfun$4
scala.reflect.api.TypeTags$TypeTag$$anonfun$5
scala.reflect.api.TypeTags$TypeTag$$anonfun$6
scala.reflect.api.TypeTags$TypeTag$$anonfun$7
scala.reflect.api.TypeTags$TypeTag$$anonfun$8
scala.reflect.api.TypeTags$TypeTag$$anonfun$9
scala.reflect.api.TypeTags$TypeTag$class
scala.reflect.api.TypeTags$TypeTagImpl
scala.reflect.api.TypeTags$WeakTypeTag
scala.reflect.api.TypeTags$WeakTypeTag$
scala.reflect.api.TypeTags$WeakTypeTag$class
scala.reflect.api.TypeTags$WeakTypeTagImpl
scala.reflect.api.TypeTags$class
scala.reflect.api.Types
scala.reflect.api.Types$AnnotatedTypeApi
scala.reflect.api.Types$AnnotatedTypeExtractor
scala.reflect.api.Types$BoundedWildcardTypeApi
scala.reflect.api.Types$BoundedWildcardTypeExtractor
scala.reflect.api.Types$ClassInfoTypeApi
scala.reflect.api.Types$ClassInfoTypeExtractor
scala.reflect.api.Types$CompoundTypeApi
scala.reflect.api.Types$ConstantTypeApi
scala.reflect.api.Types$ConstantTypeExtractor
scala.reflect.api.Types$ExistentialTypeApi
scala.reflect.api.Types$ExistentialTypeExtractor
scala.reflect.api.Types$MethodTypeApi
scala.reflect.api.Types$MethodTypeExtractor
scala.reflect.api.Types$NullaryMethodTypeApi
scala.reflect.api.Types$NullaryMethodTypeExtractor
scala.reflect.api.Types$PolyTypeApi
scala.reflect.api.Types$PolyTypeExtractor
scala.reflect.api.Types$RefinedTypeApi
scala.reflect.api.Types$RefinedTypeExtractor
scala.reflect.api.Types$SingleTypeApi
scala.reflect.api.Types$SingleTypeExtractor
scala.reflect.api.Types$SingletonTypeApi
scala.reflect.api.Types$SuperTypeApi
scala.reflect.api.Types$SuperTypeExtractor
scala.reflect.api.Types$ThisTypeApi
scala.reflect.api.Types$ThisTypeExtractor
scala.reflect.api.Types$TypeApi
scala.reflect.api.Types$TypeBoundsApi
scala.reflect.api.Types$TypeBoundsExtractor
scala.reflect.api.Types$TypeRefApi
scala.reflect.api.Types$TypeRefExtractor
scala.reflect.api.Types$class
scala.reflect.api.Universe
scala.reflect.api.package
scala.reflect.api.package$
scala.reflect.internal.AnnotationCheckers
scala.reflect.internal.AnnotationCheckers$$anonfun$adaptAnnotations$1
scala.reflect.internal.AnnotationCheckers$$anonfun$adaptBoundsToAnnotations$1
scala.reflect.internal.AnnotationCheckers$$anonfun$adaptTypeOfReturn$1
scala.reflect.internal.AnnotationCheckers$$anonfun$adaptTypeOfReturn$1$$anonfun$apply$1
scala.reflect.internal.AnnotationCheckers$$anonfun$addAnnotations$1
scala.reflect.internal.AnnotationCheckers$$anonfun$annotationsConform$1
scala.reflect.internal.AnnotationCheckers$$anonfun$annotationsGlb$1
scala.reflect.internal.AnnotationCheckers$$anonfun$annotationsLub$1
scala.reflect.internal.AnnotationCheckers$$anonfun$canAdaptAnnotations$1
scala.reflect.internal.AnnotationCheckers$AnnotationChecker
scala.reflect.internal.AnnotationCheckers$AnnotationChecker$class
scala.reflect.internal.AnnotationCheckers$class
scala.reflect.internal.AnnotationInfos
scala.reflect.internal.AnnotationInfos$$anonfun$5
scala.reflect.internal.AnnotationInfos$$anonfun$6
scala.reflect.internal.AnnotationInfos$$anonfun$encodeJavaArg$1$1
scala.reflect.internal.AnnotationInfos$Annotatable
scala.reflect.internal.AnnotationInfos$Annotatable$$anonfun$1
scala.reflect.internal.AnnotationInfos$Annotatable$$anonfun$removeAnnotation$1
scala.reflect.internal.AnnotationInfos$Annotatable$$anonfun$staticAnnotations$1
scala.reflect.internal.AnnotationInfos$Annotatable$$anonfun$throwsAnnotations$1
scala.reflect.internal.AnnotationInfos$Annotatable$class
scala.reflect.internal.AnnotationInfos$Annotation$